app/build/intermediates/manifest_merge_blame_file/debug/manifest-merger-blame-debug-report.txt
1<?xml version="1.0" encoding="utf-8"?>
2<manifest xmlns:android="http://schemas.android.com/apk/res/android"
3    package="com.raywenderlich.android"
4    android:versionCode="1"
5    android:versionName="1.0" >
6
7    <uses-sdk
8        android:minSdkVersion="21"
8-->src/main/AndroidManifest.xml
9        android:targetSdkVersion="29" />
9-->src/main/AndroidManifest.xml
10
11    <uses-permission android:name="android.permission.INTERNET" />
11-->src/main/AndroidManifest.xml:5:3-65
11-->src/main/AndroidManifest.xml:5:20-62
12
13    <application
13-->src/main/AndroidManifest.xml:7:3-24:17
14        android:name="com.raywenderlich.android.application.SunzoidApplication"
14-->src/main/AndroidManifest.xml:8:5-51
15        android:allowBackup="true"
15-->src/main/AndroidManifest.xml:9:5-31
16        android:appComponentFactory="androidx.core.app.CoreComponentFactory"
16-->[androidx.core:core:1.2.0] AndroidManifest.xml:24:18-86
17        android:debuggable="true"
18        android:icon="@mipmap/ic_launcher"
18-->src/main/AndroidManifest.xml:10:5-39
19        android:label="@string/app_name"
19-->src/main/AndroidManifest.xml:11:5-37
20        android:roundIcon="@mipmap/ic_launcher_round"
20-->src/main/AndroidManifest.xml:12:5-50
21        android:supportsRtl="true"
21-->src/main/AndroidManifest.xml:13:5-31
22        android:testOnly="true"
23        android:theme="@style/AppTheme" >
23-->src/main/AndroidManifest.xml:14:5-36
24        <activity
24-->src/main/AndroidManifest.xml:15:5-23:16
25            android:name="com.raywenderlich.android.ui.home.HomeActivity"
25-->src/main/AndroidManifest.xml:16:7-43
26            android:screenOrientation="portrait" >
26-->src/main/AndroidManifest.xml:17:7-43
27            <intent-filter>
27-->src/main/AndroidManifest.xml:18:7-22:23
28                <action android:name="android.intent.action.MAIN" />
28-->src/main/AndroidManifest.xml:19:9-61
28-->src/main/AndroidManifest.xml:19:17-58
29
30                <category android:name="android.intent.category.LAUNCHER" />
30-->src/main/AndroidManifest.xml:21:9-69
30-->src/main/AndroidManifest.xml:21:19-66
31            </intent-filter>
32        </activity>
33
34        <provider
34-->[com.squareup.picasso:picasso:2.71828] AndroidManifest.xml:8:9-11:40
35            android:name="com.squareup.picasso.PicassoProvider"
35-->[com.squareup.picasso:picasso:2.71828] AndroidManifest.xml:9:13-64
36            android:authorities="com.raywenderlich.android.com.squareup.picasso"
36-->[com.squareup.picasso:picasso:2.71828] AndroidManifest.xml:10:13-72
37            android:exported="false" />
37-->[com.squareup.picasso:picasso:2.71828] AndroidManifest.xml:11:13-37
38
39        <service
39-->[androidx.room:room-runtime:2.2.5] AndroidManifest.xml:25:9-28:40
40            android:name="androidx.room.MultiInstanceInvalidationService"
40-->[androidx.room:room-runtime:2.2.5] AndroidManifest.xml:26:13-74
41            android:directBootAware="true"
41-->[androidx.room:room-runtime:2.2.5] AndroidManifest.xml:27:13-43
42            android:exported="false" />
42-->[androidx.room:room-runtime:2.2.5] AndroidManifest.xml:28:13-37
43    </application>
44
45</manifest>